<?xml version="1.0" encoding="UTF-8"?>
<!-- Generated by org.testng.reporters.JUnitReportReporter -->
<testsuite name="goods.Tests" tests="2" time="15.308" ignored="0" failures="0" timestamp="05 Oct 2017 12:54:47 GMT" skipped="0" hostname="mypc" errors="0">
  <testcase name="testAdministratorLogin" time="10.152" classname="goods.Tests"/>
  <testcase name="testAdministratorLogin" time="5.156" classname="goods.Tests"/>
</testsuite> <!-- goods.Tests -->
