<?xml version="1.0" encoding="UTF-8"?>
<!-- Generated by org.testng.reporters.JUnitReportReporter -->
<testsuite name="goods.Tests" tests="2" time="17.442" ignored="0" failures="0" timestamp="03 Oct 2017 12:43:36 GMT" skipped="0" hostname="mypc" errors="0">
  <testcase name="testAdministratorLogin" time="5.316" classname="goods.Tests"/>
  <testcase name="testAdministratorLogin" time="12.126" classname="goods.Tests"/>
</testsuite> <!-- goods.Tests -->
