<?xml version="1.0" encoding="UTF-8"?>
<!-- Generated by org.testng.reporters.JUnitReportReporter -->
<testsuite name="goods.Tests" tests="2" time="15.140" ignored="0" failures="0" timestamp="22 Sep 2017 10:45:42 GMT" skipped="0" hostname="mypc" errors="0">
  <testcase name="testAdministratorLogin" time="5.331" classname="goods.Tests"/>
  <testcase name="testAdministratorLogin" time="9.809" classname="goods.Tests"/>
</testsuite> <!-- goods.Tests -->
